WARNING: styles/compiled/@marketplace/Sprocket_Rocket/sr-theme-free/templates/footer-includes.html rendered successfully, butdue to restrictions in rendering for a static environment, the rendered content is blank.
WARNING: styles/compiled/@marketplace/Sprocket_Rocket/sr-theme-free/templates/blog/sr-blog-single.html rendered successfully, butdue to restrictions in rendering for a static environment, the rendered content is blank.
WARNING: styles/compiled/@marketplace/Sprocket_Rocket/sr-theme-free/templates/SR Password.html rendered successfully, butdue to restrictions in rendering for a static environment, the rendered content is blank.
WARNING: styles/compiled/@marketplace/Drive_Web_Studio/Accelerator/templates/faq.html rendered successfully, butdue to restrictions in rendering for a static environment, the rendered content is blank.
ERROR: styles/compiled/@marketplace/Sprocket_Rocket/sr-theme-free/css/custom-styles.css could not berendered or exportedWARNING: styles/compiled/@marketplace/Sprocket_Rocket/sr-theme-free/templates/partials/site_footer.html rendered successfully, butdue to restrictions in rendering for a static environment, the rendered content is blank.
WARNING: styles/compiled/@marketplace/Sprocket_Rocket/sr-theme-free/templates/blog/partials/blog_author.html rendered successfully, butdue to restrictions in rendering for a static environment, the rendered content is blank.
WARNING: styles/compiled/@marketplace/Sprocket_Rocket/sr-theme-free/templates/blog/partials/blog_footer.html rendered successfully, butdue to restrictions in rendering for a static environment, the rendered content is blank.
WARNING: styles/compiled/@marketplace/Sprocket_Rocket/sr-theme-free/templates/sections/Hero Section.html rendered successfully, butdue to restrictions in rendering for a static environment, the rendered content is blank.
WARNING: styles/compiled/@marketplace/Drive_Web_Studio/Accelerator/templates/layouts/base-blog.html rendered successfully, butdue to restrictions in rendering for a static environment, the rendered content is blank.
WARNING: styles/compiled/@marketplace/Sprocket_Rocket/sr-theme-free/templates/SR Thank You.html rendered successfully, butdue to restrictions in rendering for a static environment, the rendered content is blank.
WARNING: styles/compiled/@marketplace/Sprocket_Rocket/sr-theme-free/templates/SR Error 500.html rendered successfully, butdue to restrictions in rendering for a static environment, the rendered content is blank.
WARNING: styles/compiled/@marketplace/Sprocket_Rocket/sr-theme-free/templates/blog/partials/blog_tag.html rendered successfully, butdue to restrictions in rendering for a static environment, the rendered content is blank.
WARNING: styles/compiled/@marketplace/Sprocket_Rocket/sr-theme-free/templates/SR Landing Page.html rendered successfully, butdue to restrictions in rendering for a static environment, the rendered content is blank.
ERROR: styles/compiled/@marketplace/Sprocket_Rocket/sr-theme-free/css/_theme.css could not berendered or exportedWARNING: styles/compiled/@marketplace/Drive_Web_Studio/Accelerator/templates/system/search-results.html rendered successfully, butdue to restrictions in rendering for a static environment, the rendered content is blank.
WARNING: styles/compiled/@marketplace/Sprocket_Rocket/sr-theme-free/templates/partials/variables.html rendered successfully, butdue to restrictions in rendering for a static environment, the rendered content is blank.
WARNING: styles/compiled/@marketplace/Drive_Web_Studio/Accelerator/templates/thank-you.html rendered successfully, butdue to restrictions in rendering for a static environment, the rendered content is blank.
WARNING: styles/compiled/@marketplace/Drive_Web_Studio/Accelerator/sections/blog-posts.html rendered successfully, butdue to restrictions in rendering for a static environment, the rendered content is blank.
WARNING: styles/compiled/@marketplace/Sprocket_Rocket/sr-theme-free/templates/SR Subscription Preferences.html rendered successfully, butdue to restrictions in rendering for a static environment, the rendered content is blank.
WARNING: styles/compiled/@marketplace/Sprocket_Rocket/sr-theme-free/templates/header.html rendered successfully, butdue to restrictions in rendering for a static environment, the rendered content is blank.
ERROR: styles/compiled/@marketplace/Sprocket_Rocket/sr-theme-free/css/_fonts.css could not berendered or exportedWARNING: styles/compiled/@marketplace/Drive_Web_Studio/Accelerator/templates/blog-post.html rendered successfully, butdue to restrictions in rendering for a static environment, the rendered content is blank.
WARNING: styles/compiled/@marketplace/Drive_Web_Studio/Accelerator/sections/image-cards.html rendered successfully, butdue to restrictions in rendering for a static environment, the rendered content is blank.
WARNING: styles/compiled/@marketplace/Sprocket_Rocket/sr-theme-free/templates/SR Search Results.html rendered successfully, butdue to restrictions in rendering for a static environment, the rendered content is blank.
WARNING: styles/compiled/@marketplace/Drive_Web_Studio/Accelerator/templates/services.html rendered successfully, butdue to restrictions in rendering for a static environment, the rendered content is blank.
WARNING: styles/compiled/@marketplace/Drive_Web_Studio/Accelerator/sections/content-2-col.html rendered successfully, butdue to restrictions in rendering for a static environment, the rendered content is blank.
WARNING: styles/compiled/@marketplace/Sprocket_Rocket/sr-theme-free/templates/macros.html rendered successfully, butdue to restrictions in rendering for a static environment, the rendered content is blank.
WARNING: styles/compiled/@marketplace/Sprocket_Rocket/sr-theme-free/templates/sections/Column Section.html rendered successfully, butdue to restrictions in rendering for a static environment, the rendered content is blank.
WARNING: styles/compiled/@marketplace/Drive_Web_Studio/Accelerator/templates/partials/website-footer.html rendered successfully, butdue to restrictions in rendering for a static environment, the rendered content is blank.
ERROR: styles/compiled/@marketplace/Drive_Web_Studio/Accelerator/css/tools/_macros.css could not berendered or exportedWARNING: styles/compiled/@marketplace/Drive_Web_Studio/Accelerator/sections/testimonial.html rendered successfully, butdue to restrictions in rendering for a static environment, the rendered content is blank.
WARNING: styles/compiled/@marketplace/Drive_Web_Studio/Accelerator/sections/team-members.html rendered successfully, butdue to restrictions in rendering for a static environment, the rendered content is blank.
WARNING: styles/compiled/@marketplace/Sprocket_Rocket/sr-theme-free/templates/partials/site_header.html rendered successfully, butdue to restrictions in rendering for a static environment, the rendered content is blank.
WARNING: styles/compiled/@marketplace/Sprocket_Rocket/sr-theme-free/templates/SR Error 404.html rendered successfully, butdue to restrictions in rendering for a static environment, the rendered content is blank.
WARNING: styles/compiled/@marketplace/Drive_Web_Studio/Accelerator/templates/blog-index.html rendered successfully, butdue to restrictions in rendering for a static environment, the rendered content is blank.
WARNING: styles/compiled/@marketplace/Sprocket_Rocket/sr-theme-free/templates/blog/partials/blog_header.html rendered successfully, butdue to restrictions in rendering for a static environment, the rendered content is blank.
WARNING: styles/compiled/@marketplace/Sprocket_Rocket/sr-theme-free/templates/sections/Testimonial Section.html rendered successfully, butdue to restrictions in rendering for a static environment, the rendered content is blank.
WARNING: styles/compiled/@marketplace/Sprocket_Rocket/sr-theme-free/templates/sections/Offer Section.html rendered successfully, butdue to restrictions in rendering for a static environment, the rendered content is blank.
WARNING: styles/compiled/@marketplace/Drive_Web_Studio/Accelerator/templates/layouts/base.html rendered successfully, butdue to restrictions in rendering for a static environment, the rendered content is blank.
WARNING: styles/compiled/@marketplace/Drive_Web_Studio/Accelerator/templates/system/backup-unsubscribe.html rendered successfully, butdue to restrictions in rendering for a static environment, the rendered content is blank.
WARNING: styles/compiled/@marketplace/Sprocket_Rocket/sr-theme-free/templates/partials/header.html rendered successfully, butdue to restrictions in rendering for a static environment, the rendered content is blank.
WARNING: styles/compiled/@marketplace/Drive_Web_Studio/Accelerator/sections/logo-slider.html rendered successfully, butdue to restrictions in rendering for a static environment, the rendered content is blank.
WARNING: styles/compiled/@marketplace/Sprocket_Rocket/sr-theme-free/templates/sections/Proof Section.html rendered successfully, butdue to restrictions in rendering for a static environment, the rendered content is blank.
WARNING: styles/compiled/@marketplace/Drive_Web_Studio/Accelerator/templates/system/subscription-preferences.html rendered successfully, butdue to restrictions in rendering for a static environment, the rendered content is blank.
WARNING: styles/compiled/@marketplace/Drive_Web_Studio/Accelerator/templates/contact.html rendered successfully, butdue to restrictions in rendering for a static environment, the rendered content is blank.
WARNING: styles/compiled/@marketplace/Sprocket_Rocket/sr-theme-free/templates/blog/sr-blog-listing.html rendered successfully, butdue to restrictions in rendering for a static environment, the rendered content is blank.
WARNING: styles/compiled/@marketplace/Drive_Web_Studio/Accelerator/templates/about.html rendered successfully, butdue to restrictions in rendering for a static environment, the rendered content is blank.
WARNING: styles/compiled/@marketplace/Drive_Web_Studio/Accelerator/templates/portfolio.html rendered successfully, butdue to restrictions in rendering for a static environment, the rendered content is blank.
WARNING: styles/compiled/@marketplace/Drive_Web_Studio/Accelerator/sections/faq.html rendered successfully, butdue to restrictions in rendering for a static environment, the rendered content is blank.
WARNING: styles/compiled/@marketplace/Sprocket_Rocket/sr-theme-free/templates/partials/footer-includes.html rendered successfully, butdue to restrictions in rendering for a static environment, the rendered content is blank.
WARNING: styles/compiled/@marketplace/Sprocket_Rocket/sr-theme-free/templates/SR Backup Unsubscribe.html rendered successfully, butdue to restrictions in rendering for a static environment, the rendered content is blank.
WARNING: styles/compiled/@marketplace/Sprocket_Rocket/sr-theme-free/templates/SR Subscriptions Update Confirmation.html rendered successfully, butdue to restrictions in rendering for a static environment, the rendered content is blank.
WARNING: styles/compiled/@marketplace/Drive_Web_Studio/Accelerator/templates/partials/header.html rendered successfully, butdue to restrictions in rendering for a static environment, the rendered content is blank.
WARNING: styles/compiled/@marketplace/Drive_Web_Studio/Accelerator/templates/home.html rendered successfully, butdue to restrictions in rendering for a static environment, the rendered content is blank.
WARNING: styles/compiled/@marketplace/Drive_Web_Studio/Accelerator/templates/system/404.html rendered successfully, butdue to restrictions in rendering for a static environment, the rendered content is blank.
WARNING: styles/compiled/@marketplace/Drive_Web_Studio/Accelerator/templates/blank.html rendered successfully, butdue to restrictions in rendering for a static environment, the rendered content is blank.
WARNING: styles/compiled/@marketplace/Drive_Web_Studio/Accelerator/templates/system/500.html rendered successfully, butdue to restrictions in rendering for a static environment, the rendered content is blank.
WARNING: styles/compiled/@marketplace/Drive_Web_Studio/Accelerator/sections/callout.html rendered successfully, butdue to restrictions in rendering for a static environment, the rendered content is blank.
WARNING: styles/compiled/@marketplace/Drive_Web_Studio/Accelerator/sections/hero.html rendered successfully, butdue to restrictions in rendering for a static environment, the rendered content is blank.
WARNING: styles/compiled/@marketplace/Drive_Web_Studio/Accelerator/sections/icon-blocks.html rendered successfully, butdue to restrictions in rendering for a static environment, the rendered content is blank.
WARNING: styles/compiled/@marketplace/Drive_Web_Studio/Accelerator/templates/system/subscriptions-confirmation.html rendered successfully, butdue to restrictions in rendering for a static environment, the rendered content is blank.
WARNING: styles/compiled/@marketplace/Drive_Web_Studio/Accelerator/templates/landing-page-form.html rendered successfully, butdue to restrictions in rendering for a static environment, the rendered content is blank.
WARNING: styles/compiled//Ale_template.html rendered successfully, butdue to restrictions in rendering for a static environment, the rendered content is blank.
